<?xml version="1.0" encoding="UTF-8"?>
<!-- Generated by org.testng.reporters.JUnitReportReporter -->
<testsuite hostname="DESKTOP-RHKSQOC" failures="0" tests="8" name="tutorialNinja.TestCases.RegisterTest" time="60.188" errors="0" timestamp="2024-03-16T18:12:41 EDT" skipped="0">
  <testcase classname="tutorialNinja.TestCases.RegisterTest" name="verifyRegisterWithMandatoryDetails" time="7.137"/>
  <testcase classname="tutorialNinja.TestCases.RegisterTest" name="verifyRegisterWithMandatoryDetails" time="6.617"/>
  <testcase classname="tutorialNinja.TestCases.RegisterTest" name="verifyRegisterWithMandatoryDetails" time="6.971"/>
  <testcase classname="tutorialNinja.TestCases.RegisterTest" name="verifyRegisterWithMandatoryDetails" time="9.625"/>
  <testcase classname="tutorialNinja.TestCases.RegisterTest" name="verifyRegisterWithMandatoryDetails" time="6.336"/>
  <testcase classname="tutorialNinja.TestCases.RegisterTest" name="verifyRegisterWithMandatoryDetails" time="7.573"/>
  <testcase classname="tutorialNinja.TestCases.RegisterTest" name="verifyRegisterWithMandatoryDetails" time="6.586"/>
  <testcase classname="tutorialNinja.TestCases.RegisterTest" name="verifyRegisterWithMandatoryDetails" time="9.343"/>
</testsuite> <!-- tutorialNinja.TestCases.RegisterTest -->
