<?xml version="1.0" encoding="UTF-8"?>
<!-- Generated by org.testng.reporters.JUnitReportReporter -->
<testsuite hostname="DESKTOP-RHKSQOC" failures="0" tests="8" name="tutorialNinja.TestCases.LoginTest" time="53.108" errors="0" timestamp="2024-03-16T16:58:09 EDT" skipped="0">
  <testcase classname="tutorialNinja.TestCases.LoginTest" name="loginWithAllCredentials" time="5.478"/>
  <testcase classname="tutorialNinja.TestCases.LoginTest" name="loginWithAllCredentials" time="5.611"/>
  <testcase classname="tutorialNinja.TestCases.LoginTest" name="loginWithAllCredentials" time="6.310"/>
  <testcase classname="tutorialNinja.TestCases.LoginTest" name="loginWithAllCredentials" time="5.532"/>
  <testcase classname="tutorialNinja.TestCases.LoginTest" name="loginWithAllCredentials" time="7.462"/>
  <testcase classname="tutorialNinja.TestCases.LoginTest" name="loginWithAllCredentials" time="5.757"/>
  <testcase classname="tutorialNinja.TestCases.LoginTest" name="loginWithAllCredentials" time="5.460"/>
  <testcase classname="tutorialNinja.TestCases.LoginTest" name="loginWithAllCredentials" time="11.498"/>
</testsuite> <!-- tutorialNinja.TestCases.LoginTest -->
